#
# There is insufficient memory for the Java Runtime Environment to continue.
# Native memory allocation (mmap) failed to map 716177408 bytes for committing reserved memory.
# Possible reasons:
#   The system is out of physical RAM or swap space
#   In 32 bit mode, the process size limit was hit
# Possible solutions:
#   Reduce memory load on the system
#   Increase physical memory or swap space
#   Check if swap backing store is full
#   Use 64 bit Java on a 64 bit OS
#   Decrease Java heap size (-Xmx/-Xms)
#   Decrease number of Java threads
#   Decrease Java thread stack sizes (-Xss)
#   Set larger code cache with -XX:ReservedCodeCacheSize=
# This output file may be truncated or incomplete.
#
#  Out of Memory Error (os_linux.cpp:2627), pid=28743, tid=140710208837376
#
# JRE version:  (8.0_72-b15) (build )
# Java VM: Java HotSpot(TM) 64-Bit Server VM (25.72-b15 mixed mode linux-amd64 compressed oops)
# Failed to write core dump. Core dumps have been disabled. To enable core dumping, try "ulimit -c unlimited" before starting Java again
#

---------------  T H R E A D  ---------------

Current thread (0x00007ff9a000a000):  JavaThread "Unknown thread" [_thread_in_vm, id=28789, stack(0x00007ff9a5f39000,0x00007ff9a603a000)]

Stack: [0x00007ff9a5f39000,0x00007ff9a603a000],  sp=0x00007ff9a6038370,  free space=1020k
Native frames: (J=compiled Java code, j=interpreted, Vv=VM code, C=native code)
V  [libjvm.so+0xaba7ea]  VMError::report_and_die()+0x2ba
V  [libjvm.so+0x4f9e3b]  report_vm_out_of_memory(char const*, int, unsigned long, VMErrorType, char const*)+0x8b
V  [libjvm.so+0x91b613]  os::Linux::commit_memory_impl(char*, unsigned long, bool)+0x103
V  [libjvm.so+0x91bb69]  os::pd_commit_memory(char*, unsigned long, unsigned long, bool)+0x29
V  [libjvm.so+0x915e6a]  os::commit_memory(char*, unsigned long, unsigned long, bool)+0x2a
V  [libjvm.so+0x989543]  PSVirtualSpace::expand_by(unsigned long)+0x53
V  [libjvm.so+0x979687]  PSOldGen::initialize(ReservedSpace, unsigned long, char const*, int)+0xb7
V  [libjvm.so+0x2d827a]  AdjoiningGenerations::AdjoiningGenerations(ReservedSpace, GenerationSizer*, unsigned long)+0x39a
V  [libjvm.so+0x93e9c6]  ParallelScavengeHeap::initialize()+0x1d6
V  [libjvm.so+0xa8301b]  Universe::initialize_heap()+0xfb
V  [libjvm.so+0xa8338e]  universe_init()+0x3e
V  [libjvm.so+0x6392c5]  init_globals()+0x65
V  [libjvm.so+0xa6758e]  Threads::create_vm(JavaVMInitArgs*, bool*)+0x23e
V  [libjvm.so+0x6cd7e4]  JNI_CreateJavaVM+0x74
C  [libjli.so+0x745e]  JavaMain+0x9e
C  [libpthread.so.0+0x8182]  start_thread+0xc2


---------------  P R O C E S S  ---------------

Java Threads: ( => current thread )

Other Threads:

=>0x00007ff9a000a000 (exited) JavaThread "Unknown thread" [_thread_in_vm, id=28789, stack(0x00007ff9a5f39000,0x00007ff9a603a000)]

VM state:not at safepoint (not fully initialized)

VM Mutex/Monitor currently owned by a thread: None

GC Heap History (0 events):
No events

Deoptimization events (0 events):
No events

Internal exceptions (0 events):
No events

Events (0 events):
No events


Dynamic libraries:
00400000-00401000 r-xp 00000000 08:05 1192778                            /usr/lib/jvm/java-8-oracle/jre/bin/java
00600000-00601000 rw-p 00000000 08:05 1192778                            /usr/lib/jvm/java-8-oracle/jre/bin/java
01bea000-01c0b000 rw-p 00000000 00:00 0                                  [heap]
eab00000-100000000 rw-p 00000000 00:00 0 
7ff98f80f000-7ff98f9a5000 rw-p 00000000 00:00 0 
7ff98f9a5000-7ff98fafa000 ---p 00000000 00:00 0 
7ff98fafa000-7ff98fbb0000 rw-p 00000000 00:00 0 
7ff98fbb0000-7ff98ff66000 ---p 00000000 00:00 0 
7ff98ff66000-7ff9901d6000 rwxp 00000000 00:00 0 
7ff9901d6000-7ff99ef66000 ---p 00000000 00:00 0 
7ff99ef66000-7ff99ef80000 r-xp 00000000 08:05 1192833                    /usr/lib/jvm/java-8-oracle/jre/lib/amd64/libzip.so
7ff99ef80000-7ff99f180000 ---p 0001a000 08:05 1192833                    /usr/lib/jvm/java-8-oracle/jre/lib/amd64/libzip.so
7ff99f180000-7ff99f181000 rw-p 0001a000 08:05 1192833                    /usr/lib/jvm/java-8-oracle/jre/lib/amd64/libzip.so
7ff99f181000-7ff99f18c000 r-xp 00000000 08:05 1839490                    /lib/x86_64-linux-gnu/libnss_files-2.19.so
7ff99f18c000-7ff99f38b000 ---p 0000b000 08:05 1839490                    /lib/x86_64-linux-gnu/libnss_files-2.19.so
7ff99f38b000-7ff99f38c000 r--p 0000a000 08:05 1839490                    /lib/x86_64-linux-gnu/libnss_files-2.19.so
7ff99f38c000-7ff99f38d000 rw-p 0000b000 08:05 1839490                    /lib/x86_64-linux-gnu/libnss_files-2.19.so
7ff99f38d000-7ff99f398000 r-xp 00000000 08:05 1839500                    /lib/x86_64-linux-gnu/libnss_nis-2.19.so
7ff99f398000-7ff99f597000 ---p 0000b000 08:05 1839500                    /lib/x86_64-linux-gnu/libnss_nis-2.19.so
7ff99f597000-7ff99f598000 r--p 0000a000 08:05 1839500                    /lib/x86_64-linux-gnu/libnss_nis-2.19.so
7ff99f598000-7ff99f599000 rw-p 0000b000 08:05 1839500                    /lib/x86_64-linux-gnu/libnss_nis-2.19.so
7ff99f599000-7ff99f5b0000 r-xp 00000000 08:05 1839484                    /lib/x86_64-linux-gnu/libnsl-2.19.so
7ff99f5b0000-7ff99f7af000 ---p 00017000 08:05 1839484                    /lib/x86_64-linux-gnu/libnsl-2.19.so
7ff99f7af000-7ff99f7b0000 r--p 00016000 08:05 1839484                    /lib/x86_64-linux-gnu/libnsl-2.19.so
7ff99f7b0000-7ff99f7b1000 rw-p 00017000 08:05 1839484                    /lib/x86_64-linux-gnu/libnsl-2.19.so
7ff99f7b1000-7ff99f7b3000 rw-p 00000000 00:00 0 
7ff99f7b3000-7ff99f7bc000 r-xp 00000000 08:05 1839486                    /lib/x86_64-linux-gnu/libnss_compat-2.19.so
7ff99f7bc000-7ff99f9bb000 ---p 00009000 08:05 1839486                    /lib/x86_64-linux-gnu/libnss_compat-2.19.so
7ff99f9bb000-7ff99f9bc000 r--p 00008000 08:05 1839486                    /lib/x86_64-linux-gnu/libnss_compat-2.19.so
7ff99f9bc000-7ff99f9bd000 rw-p 00009000 08:05 1839486                    /lib/x86_64-linux-gnu/libnss_compat-2.19.so
7ff99f9bd000-7ff99f9e7000 r-xp 00000000 08:05 1192829                    /usr/lib/jvm/java-8-oracle/jre/lib/amd64/libjava.so
7ff99f9e7000-7ff99fbe7000 ---p 0002a000 08:05 1192829                    /usr/lib/jvm/java-8-oracle/jre/lib/amd64/libjava.so
7ff99fbe7000-7ff99fbe9000 rw-p 0002a000 08:05 1192829                    /usr/lib/jvm/java-8-oracle/jre/lib/amd64/libjava.so
7ff99fbe9000-7ff99fbf6000 r-xp 00000000 08:05 1192821                    /usr/lib/jvm/java-8-oracle/jre/lib/amd64/libverify.so
7ff99fbf6000-7ff99fdf6000 ---p 0000d000 08:05 1192821                    /usr/lib/jvm/java-8-oracle/jre/lib/amd64/libverify.so
7ff99fdf6000-7ff99fdf8000 rw-p 0000d000 08:05 1192821                    /usr/lib/jvm/java-8-oracle/jre/lib/amd64/libverify.so
7ff99fdf8000-7ff99fdff000 r-xp 00000000 08:05 1839543                    /lib/x86_64-linux-gnu/librt-2.19.so
7ff99fdff000-7ff99fffe000 ---p 00007000 08:05 1839543                    /lib/x86_64-linux-gnu/librt-2.19.so
7ff99fffe000-7ff99ffff000 r--p 00006000 08:05 1839543                    /lib/x86_64-linux-gnu/librt-2.19.so
7ff99ffff000-7ff9a0000000 rw-p 00007000 08:05 1839543                    /lib/x86_64-linux-gnu/librt-2.19.so
7ff9a0000000-7ff9a0032000 rw-p 00000000 00:00 0 
7ff9a0032000-7ff9a4000000 ---p 00000000 00:00 0 
7ff9a4062000-7ff9a4151000 rw-p 00000000 00:00 0 
7ff9a4151000-7ff9a4256000 r-xp 00000000 08:05 1839465                    /lib/x86_64-linux-gnu/libm-2.19.so
7ff9a4256000-7ff9a4455000 ---p 00105000 08:05 1839465                    /lib/x86_64-linux-gnu/libm-2.19.so
7ff9a4455000-7ff9a4456000 r--p 00104000 08:05 1839465                    /lib/x86_64-linux-gnu/libm-2.19.so
7ff9a4456000-7ff9a4457000 rw-p 00105000 08:05 1839465                    /lib/x86_64-linux-gnu/libm-2.19.so
7ff9a4457000-7ff9a5116000 r-xp 00000000 08:05 1192803                    /usr/lib/jvm/java-8-oracle/jre/lib/amd64/server/libjvm.so
7ff9a5116000-7ff9a5315000 ---p 00cbf000 08:05 1192803                    /usr/lib/jvm/java-8-oracle/jre/lib/amd64/server/libjvm.so
7ff9a5315000-7ff9a53ee000 rw-p 00cbe000 08:05 1192803                    /usr/lib/jvm/java-8-oracle/jre/lib/amd64/server/libjvm.so
7ff9a53ee000-7ff9a5437000 rw-p 00000000 00:00 0 
7ff9a5437000-7ff9a55f2000 r-xp 00000000 08:05 1839415                    /lib/x86_64-linux-gnu/libc-2.19.so
7ff9a55f2000-7ff9a57f1000 ---p 001bb000 08:05 1839415                    /lib/x86_64-linux-gnu/libc-2.19.so
7ff9a57f1000-7ff9a57f5000 r--p 001ba000 08:05 1839415                    /lib/x86_64-linux-gnu/libc-2.19.so
7ff9a57f5000-7ff9a57f7000 rw-p 001be000 08:05 1839415                    /lib/x86_64-linux-gnu/libc-2.19.so
7ff9a57f7000-7ff9a57fc000 rw-p 00000000 00:00 0 
7ff9a57fc000-7ff9a57ff000 r-xp 00000000 08:05 1839432                    /lib/x86_64-linux-gnu/libdl-2.19.so
7ff9a57ff000-7ff9a59fe000 ---p 00003000 08:05 1839432                    /lib/x86_64-linux-gnu/libdl-2.19.so
7ff9a59fe000-7ff9a59ff000 r--p 00002000 08:05 1839432                    /lib/x86_64-linux-gnu/libdl-2.19.so
7ff9a59ff000-7ff9a5a00000 rw-p 00003000 08:05 1839432                    /lib/x86_64-linux-gnu/libdl-2.19.so
7ff9a5a00000-7ff9a5a15000 r-xp 00000000 08:05 1192828                    /usr/lib/jvm/java-8-oracle/jre/lib/amd64/jli/libjli.so
7ff9a5a15000-7ff9a5c15000 ---p 00015000 08:05 1192828                    /usr/lib/jvm/java-8-oracle/jre/lib/amd64/jli/libjli.so
7ff9a5c15000-7ff9a5c16000 rw-p 00015000 08:05 1192828                    /usr/lib/jvm/java-8-oracle/jre/lib/amd64/jli/libjli.so
7ff9a5c16000-7ff9a5c2f000 r-xp 00000000 08:05 1839535                    /lib/x86_64-linux-gnu/libpthread-2.19.so
7ff9a5c2f000-7ff9a5e2e000 ---p 00019000 08:05 1839535                    /lib/x86_64-linux-gnu/libpthread-2.19.so
7ff9a5e2e000-7ff9a5e2f000 r--p 00018000 08:05 1839535                    /lib/x86_64-linux-gnu/libpthread-2.19.so
7ff9a5e2f000-7ff9a5e30000 rw-p 00019000 08:05 1839535                    /lib/x86_64-linux-gnu/libpthread-2.19.so
7ff9a5e30000-7ff9a5e34000 rw-p 00000000 00:00 0 
7ff9a5e34000-7ff9a5e57000 r-xp 00000000 08:05 1839391                    /lib/x86_64-linux-gnu/ld-2.19.so
7ff9a5f39000-7ff9a5f3c000 ---p 00000000 00:00 0 
7ff9a5f3c000-7ff9a603e000 rw-p 00000000 00:00 0                          [stack:28789]
7ff9a6047000-7ff9a604a000 rw-p 00000000 00:00 0 
7ff9a604a000-7ff9a6052000 rw-s 00000000 08:05 4067247                    /tmp/hsperfdata_shiba/28743
7ff9a6052000-7ff9a6053000 rw-p 00000000 00:00 0 
7ff9a6053000-7ff9a6054000 r--p 00000000 00:00 0 
7ff9a6054000-7ff9a6056000 rw-p 00000000 00:00 0 
7ff9a6056000-7ff9a6057000 r--p 00022000 08:05 1839391                    /lib/x86_64-linux-gnu/ld-2.19.so
7ff9a6057000-7ff9a6058000 rw-p 00023000 08:05 1839391                    /lib/x86_64-linux-gnu/ld-2.19.so
7ff9a6058000-7ff9a6059000 rw-p 00000000 00:00 0 
7ffd46ebf000-7ffd46ee0000 rw-p 00000000 00:00 0                          [stack]
7ffd46eee000-7ffd46ef0000 r--p 00000000 00:00 0                          [vvar]
7ffd46ef0000-7ffd46ef2000 r-xp 00000000 00:00 0                          [vdso]
ffffffffff600000-ffffffffff601000 r-xp 00000000 00:00 0                  [vsyscall]

VM Arguments:
jvm_args: -Dactivator.home=/home/shiba/Documents/git/redisTest/client -Xms1024m -Xmx1024m -XX:MetaspaceSize=64m -XX:MaxMetaspaceSize=256m 
java_command: /home/shiba/Documents/git/redisTest/client/activator-launch-1.3.6.jar compile
java_class_path (initial): /home/shiba/Documents/git/redisTest/client/activator-launch-1.3.6.jar
Launcher Type: SUN_STANDARD

Environment Variables:
PATH=/usr/local/sbin:/usr/local/bin:/usr/sbin:/usr/bin:/sbin:/bin:/usr/games:/usr/local/games
SHELL=/bin/bash
DISPLAY=:0

Signal Handlers:
SIGSEGV: [libjvm.so+0xabb070], sa_mask[0]=11111111011111111101111111111110, sa_flags=SA_RESTART|SA_SIGINFO
SIGBUS: [libjvm.so+0xabb070], sa_mask[0]=11111111011111111101111111111110, sa_flags=SA_RESTART|SA_SIGINFO
SIGFPE: [libjvm.so+0x918480], sa_mask[0]=11111111011111111101111111111110, sa_flags=SA_RESTART|SA_SIGINFO
SIGPIPE: [libjvm.so+0x918480], sa_mask[0]=11111111011111111101111111111110, sa_flags=SA_RESTART|SA_SIGINFO
SIGXFSZ: [libjvm.so+0x918480], sa_mask[0]=11111111011111111101111111111110, sa_flags=SA_RESTART|SA_SIGINFO
SIGILL: [libjvm.so+0x918480], sa_mask[0]=11111111011111111101111111111110, sa_flags=SA_RESTART|SA_SIGINFO
SIGUSR1: SIG_DFL, sa_mask[0]=00000000000000000000000000000000, sa_flags=none
SIGUSR2: [libjvm.so+0x919ab0], sa_mask[0]=00000000000000000000000000000000, sa_flags=SA_RESTART|SA_SIGINFO
SIGHUP: SIG_DFL, sa_mask[0]=00000000000000000000000000000000, sa_flags=none
SIGINT: SIG_DFL, sa_mask[0]=00000000000000000000000000000000, sa_flags=none
SIGTERM: SIG_DFL, sa_mask[0]=00000000000000000000000000000000, sa_flags=none
SIGQUIT: SIG_DFL, sa_mask[0]=00000000000000000000000000000000, sa_flags=none


---------------  S Y S T E M  ---------------

OS:DISTRIB_ID=Ubuntu
DISTRIB_RELEASE=14.04
DISTRIB_CODENAME=trusty
DISTRIB_DESCRIPTION="Ubuntu 14.04.3 LTS"

uname:Linux 3.19.0-47-generic #53~14.04.1-Ubuntu SMP Mon Jan 18 16:09:14 UTC 2016 x86_64
libc:glibc 2.19 NPTL 2.19 
rlimit: STACK 8192k, CORE 0k, NPROC 31015, NOFILE 4096, AS infinity
load average:0.35 0.36 0.33

/proc/meminfo:
MemTotal:        8047084 kB
MemFree:          143720 kB
MemAvailable:     346988 kB
Buffers:           37048 kB
Cached:          1174660 kB
SwapCached:            0 kB
Active:          4468048 kB
Inactive:         992396 kB
Active(anon):    4297920 kB
Inactive(anon):   823064 kB
Active(file):     170128 kB
Inactive(file):   169332 kB
Unevictable:          48 kB
Mlocked:              48 kB
SwapTotal:             0 kB
SwapFree:              0 kB
Dirty:               260 kB
Writeback:             0 kB
AnonPages:       4249008 kB
Mapped:          2580640 kB
Shmem:            872016 kB
Slab:             155756 kB
SReclaimable:      65500 kB
SUnreclaim:        90256 kB
KernelStack:       14720 kB
PageTables:        85168 kB
NFS_Unstable:          0 kB
Bounce:                0 kB
WritebackTmp:          0 kB
CommitLimit:     4023540 kB
Committed_AS:   16093772 kB
VmallocTotal:   34359738367 kB
VmallocUsed:      365172 kB
VmallocChunk:   34359275644 kB
HardwareCorrupted:     0 kB
AnonHugePages:   1247232 kB
CmaTotal:              0 kB
CmaFree:               0 kB
HugePages_Total:       0
HugePages_Free:        0
HugePages_Rsvd:        0
HugePages_Surp:        0
Hugepagesize:       2048 kB
DirectMap4k:      629348 kB
DirectMap2M:     6582272 kB
DirectMap1G:     1048576 kB


CPU:total 4 (2 cores per cpu, 2 threads per core) family 6 model 61 stepping 4, cmov, cx8, fxsr, mmx, sse, sse2, sse3, ssse3, sse4.1, sse4.2, popcnt, avx, avx2, aes, clmul, erms, 3dnowpref, lzcnt, ht, tsc, tscinvbit, bmi1, bmi2, adx

/proc/cpuinfo:
processor	: 0
vendor_id	: GenuineIntel
cpu family	: 6
model		: 61
model name	: Intel(R) Core(TM) i5-5200U CPU @ 2.20GHz
stepping	: 4
microcode	: 0x21
cpu MHz		: 2646.703
cache size	: 3072 KB
physical id	: 0
siblings	: 4
core id		: 0
cpu cores	: 2
apicid		: 0
initial apicid	: 0
fpu		: yes
fpu_exception	: yes
cpuid level	: 20
wp		: yes
flags		: fpu vme de pse tsc msr pae mce cx8 apic sep mtrr pge mca cmov pat pse36 clflush dts acpi mmx fxsr sse sse2 ss ht tm pbe syscall nx pdpe1gb rdtscp lm constant_tsc arch_perfmon pebs bts rep_good nopl xtopology nonstop_tsc aperfmperf eagerfpu pni pclmulqdq dtes64 monitor ds_cpl vmx est tm2 ssse3 fma cx16 xtpr pdcm pcid sse4_1 sse4_2 x2apic movbe popcnt tsc_deadline_timer aes xsave avx f16c rdrand lahf_lm abm 3dnowprefetch ida arat epb pln pts dtherm tpr_shadow vnmi flexpriority ept vpid fsgsbase tsc_adjust bmi1 avx2 smep bmi2 erms invpcid rdseed adx smap xsaveopt
bugs		:
bogomips	: 4389.72
clflush size	: 64
cache_alignment	: 64
address sizes	: 39 bits physical, 48 bits virtual
power management:

processor	: 1
vendor_id	: GenuineIntel
cpu family	: 6
model		: 61
model name	: Intel(R) Core(TM) i5-5200U CPU @ 2.20GHz
stepping	: 4
microcode	: 0x21
cpu MHz		: 2556.640
cache size	: 3072 KB
physical id	: 0
siblings	: 4
core id		: 0
cpu cores	: 2
apicid		: 1
initial apicid	: 1
fpu		: yes
fpu_exception	: yes
cpuid level	: 20
wp		: yes
flags		: fpu vme de pse tsc msr pae mce cx8 apic sep mtrr pge mca cmov pat pse36 clflush dts acpi mmx fxsr sse sse2 ss ht tm pbe syscall nx pdpe1gb rdtscp lm constant_tsc arch_perfmon pebs bts rep_good nopl xtopology nonstop_tsc aperfmperf eagerfpu pni pclmulqdq dtes64 monitor ds_cpl vmx est tm2 ssse3 fma cx16 xtpr pdcm pcid sse4_1 sse4_2 x2apic movbe popcnt tsc_deadline_timer aes xsave avx f16c rdrand lahf_lm abm 3dnowprefetch ida arat epb pln pts dtherm tpr_shadow vnmi flexpriority ept vpid fsgsbase tsc_adjust bmi1 avx2 smep bmi2 erms invpcid rdseed adx smap xsaveopt
bugs		:
bogomips	: 4389.72
clflush size	: 64
cache_alignment	: 64
address sizes	: 39 bits physical, 48 bits virtual
power management:

processor	: 2
vendor_id	: GenuineIntel
cpu family	: 6
model		: 61
model name	: Intel(R) Core(TM) i5-5200U CPU @ 2.20GHz
stepping	: 4
microcode	: 0x21
cpu MHz		: 2565.835
cache size	: 3072 KB
physical id	: 0
siblings	: 4
core id		: 1
cpu cores	: 2
apicid		: 2
initial apicid	: 2
fpu		: yes
fpu_exception	: yes
cpuid level	: 20
wp		: yes
flags		: fpu vme de pse tsc msr pae mce cx8 apic sep mtrr pge mca cmov pat pse36 clflush dts acpi mmx fxsr sse sse2 ss ht tm pbe syscall nx pdpe1gb rdtscp lm constant_tsc arch_perfmon pebs bts rep_good nopl xtopology nonstop_tsc aperfmperf eagerfpu pni pclmulqdq dtes64 monitor ds_cpl vmx est tm2 ssse3 fma cx16 xtpr pdcm pcid sse4_1 sse4_2 x2apic movbe popcnt tsc_deadline_timer aes xsave avx f16c rdrand lahf_lm abm 3dnowprefetch ida arat epb pln pts dtherm tpr_shadow vnmi flexpriority ept vpid fsgsbase tsc_adjust bmi1 avx2 smep bmi2 erms invpcid rdseed adx smap xsaveopt
bugs		:
bogomips	: 4389.72
clflush size	: 64
cache_alignment	: 64
address sizes	: 39 bits physical, 48 bits virtual
power management:

processor	: 3
vendor_id	: GenuineIntel
cpu family	: 6
model		: 61
model name	: Intel(R) Core(TM) i5-5200U CPU @ 2.20GHz
stepping	: 4
microcode	: 0x21
cpu MHz		: 2578.125
cache size	: 3072 KB
physical id	: 0
siblings	: 4
core id		: 1
cpu cores	: 2
apicid		: 3
initial apicid	: 3
fpu		: yes
fpu_exception	: yes
cpuid level	: 20
wp		: yes
flags		: fpu vme de pse tsc msr pae mce cx8 apic sep mtrr pge mca cmov pat pse36 clflush dts acpi mmx fxsr sse sse2 ss ht tm pbe syscall nx pdpe1gb rdtscp lm constant_tsc arch_perfmon pebs bts rep_good nopl xtopology nonstop_tsc aperfmperf eagerfpu pni pclmulqdq dtes64 monitor ds_cpl vmx est tm2 ssse3 fma cx16 xtpr pdcm pcid sse4_1 sse4_2 x2apic movbe popcnt tsc_deadline_timer aes xsave avx f16c rdrand lahf_lm abm 3dnowprefetch ida arat epb pln pts dtherm tpr_shadow vnmi flexpriority ept vpid fsgsbase tsc_adjust bmi1 avx2 smep bmi2 erms invpcid rdseed adx smap xsaveopt
bugs		:
bogomips	: 4389.72
clflush size	: 64
cache_alignment	: 64
address sizes	: 39 bits physical, 48 bits virtual
power management:



Memory: 4k page, physical 8047084k(143720k free), swap 0k(0k free)

vm_info: Java HotSpot(TM) 64-Bit Server VM (25.72-b15) for linux-amd64 JRE (1.8.0_72-b15), built on Dec 22 2015 22:00:07 by "java_re" with gcc 4.3.0 20080428 (Red Hat 4.3.0-8)

time: Tue Feb  2 15:40:16 2016
elapsed time: 0 seconds (0d 0h 0m 0s)

